[2018-03-21 16:13:45,446] 0.01 13809 3 2 0.00000119
[2018-03-21 16:13:45,602] 0.03 13809 2 2 0.00000000
[2018-03-21 16:13:45,774] 0.04 13809 5 2 0.00000038
[2018-03-21 16:13:45,992] 0.05 13809 3 2 0.00000030
[2018-03-21 16:13:46,157] 0.07 13809 5 2 0.00000043
[2018-03-21 16:13:46,320] 0.08 13809 5 2 0.00000053
[2018-03-21 16:13:46,566] 0.10 13820 5 2 0.00016992
[2018-03-21 16:13:46,745] 0.11 13818 6 2 0.00000061
[2018-03-21 16:13:46,965] 0.12 13818 17 3 0.00134130
[2018-03-21 16:13:47,131] 0.14 13817 7 2 0.00000051
[2018-03-21 16:13:47,376] 0.15 13817 4 5 0.00074260
[2018-03-21 16:13:47,533] 0.16 13816 4 2 0.00000810
[2018-03-21 16:13:47,690] 0.18 13823 2 2 0.00000000
[2018-03-21 16:13:47,837] 0.19 13823 2 2 0.00000000
[2018-03-21 16:13:48,035] 0.20 13823 3 2 0.00000003
[2018-03-21 16:13:48,179] 0.22 13823 3 2 0.00000002
[2018-03-21 16:13:48,321] 0.23 13823 2 2 0.00000000
[2018-03-21 16:13:48,518] 0.25 13823 2 2 0.00000000
[2018-03-21 16:13:48,685] 0.26 13834 3 2 0.00000000
[2018-03-21 16:13:48,835] 0.27 13834 4 2 0.00493767
[2018-03-21 16:13:48,981] 0.29 13834 4 2 0.00000032
[2018-03-21 16:13:49,181] 0.30 13833 3 2 0.00000016
[2018-03-21 16:13:49,338] 0.31 13831 4 2 0.02530772
[2018-03-21 16:13:49,492] 0.33 13831 3 2 0.00000013
[2018-03-21 16:13:49,661] 0.34 13838 5 2 0.05909339
[2018-03-21 16:13:49,859] 0.36 13838 3 2 0.00000002
[2018-03-21 16:13:50,003] 0.37 13837 3 2 0.00000001
[2018-03-21 16:13:50,146] 0.38 13834 2 2 0.00000000
[2018-03-21 16:13:50,343] 0.40 13830 2 2 0.00000000
[2018-03-21 16:13:50,489] 0.41 13830 3 2 0.00014921
[2018-03-21 16:13:50,639] 0.42 13837 2 2 0.00000000
[2018-03-21 16:13:50,779] 0.44 13836 2 2 0.00000000
[2018-03-21 16:13:50,979] 0.45 13835 3 2 0.00000002
[2018-03-21 16:13:51,129] 0.46 13832 3 2 0.00000025
[2018-03-21 16:13:51,280] 0.48 13832 4 2 0.00000206
[2018-03-21 16:13:51,429] 0.49 13831 3 2 0.00000023
[2018-03-21 16:13:51,653] 0.51 13843 2 2 0.00000000
[2018-03-21 16:13:51,799] 0.52 13843 4 2 0.00529729
[2018-03-21 16:13:51,943] 0.53 13842 3 2 0.00002995
[2018-03-21 16:13:52,139] 0.55 13841 2 2 0.00000000
[2018-03-21 16:13:52,282] 0.56 13839 3 2 0.00000005
[2018-03-21 16:13:52,426] 0.57 13839 3 2 0.00000027
[2018-03-21 16:13:52,587] 0.59 13854 2 2 0.00000000
[2018-03-21 16:13:52,788] 0.60 13853 3 2 0.00004349
[2018-03-21 16:13:52,934] 0.62 13852 2 2 0.00000000
[2018-03-21 16:13:53,088] 0.63 13852 4 2 0.00007686
[2018-03-21 16:13:53,231] 0.64 13851 2 2 0.00000000
[2018-03-21 16:13:53,432] 0.66 13850 3 2 0.00009730
[2018-03-21 16:13:53,591] 0.67 13859 3 2 0.00001016
[2018-03-21 16:13:53,739] 0.68 13859 3 2 0.00000039
[2018-03-21 16:13:53,934] 0.70 13859 2 2 0.00000000
[2018-03-21 16:13:54,085] 0.71 13856 2 2 0.00000000
[2018-03-21 16:13:54,232] 0.72 13853 3 2 0.00000094
[2018-03-21 16:13:54,371] 0.74 13853 2 2 0.00000000
[2018-03-21 16:13:54,578] 0.75 13863 2 2 0.00000000
[2018-03-21 16:13:54,725] 0.77 13862 3 2 0.00007542
[2018-03-21 16:13:54,872] 0.78 13861 3 2 0.00000021
[2018-03-21 16:13:55,026] 0.79 13859 3 2 0.00010379
[2018-03-21 16:13:55,232] 0.81 13857 2 2 0.00000000
[2018-03-21 16:13:55,388] 0.82 13856 3 2 0.00036743
[2018-03-21 16:13:55,545] 0.83 13866 2 2 0.00000000
[2018-03-21 16:13:55,744] 0.85 13865 2 2 0.00000000
[2018-03-21 16:13:55,884] 0.86 13863 2 2 0.00000000
[2018-03-21 16:13:56,028] 0.88 13863 2 2 0.00000000
[2018-03-21 16:13:56,189] 0.89 13863 4 2 0.00023892
[2018-03-21 16:13:56,392] 0.90 13862 2 2 0.00000000
[2018-03-21 16:13:56,536] 0.92 13861 2 2 0.00000000
[2018-03-21 16:13:56,685] 0.93 13868 2 2 0.00000000
[2018-03-21 16:13:56,829] 0.94 13867 3 2 0.00000100
[2018-03-21 16:13:57,025] 0.96 13866 3 2 0.00007723
[2018-03-21 16:13:57,173] 0.97 13866 3 2 0.00006453
[2018-03-21 16:13:57,324] 0.98 13865 3 2 0.00047088
[2018-03-21 16:13:57,525] 1.00 13865 2 2 0.00000000
[2018-03-21 16:13:57,526] Switching to virtual run 2018
[2018-03-21 16:13:57,673] 1.01 13865 2 2 0.00000000
[2018-03-21 16:13:57,814] 1.03 13865 5 2 0.00027692
[2018-03-21 16:13:57,957] 1.04 13865 5 2 0.00075667
[2018-03-21 16:13:58,159] 1.05 13865 2 2 0.00000000
[2018-03-21 16:13:58,317] 1.07 13865 2 2 0.00000000
[2018-03-21 16:13:58,462] 1.08 13865 3 2 0.00000036
[2018-03-21 16:13:58,609] 1.09 13865 2 2 0.00000000
[2018-03-21 16:13:58,802] 1.11 13865 2 2 0.00000000
[2018-03-21 16:13:58,946] 1.12 13865 2 2 0.00000000
[2018-03-21 16:13:59,090] 1.14 13865 3 2 0.00000003
[2018-03-21 16:13:59,233] 1.15 13865 4 2 0.00037372
[2018-03-21 16:13:59,438] 1.16 13865 3 2 0.00000577
[2018-03-21 16:13:59,583] 1.18 13865 2 2 0.00000000
[2018-03-21 16:13:59,723] 1.19 13865 2 2 0.00000000
[2018-03-21 16:13:59,916] 1.20 13865 2 2 0.00000000
[2018-03-21 16:14:00,057] 1.22 13865 2 2 0.00000000
[2018-03-21 16:14:00,202] 1.23 13865 2 2 0.00000000
[2018-03-21 16:14:00,354] 1.25 13865 2 2 0.00000000
[2018-03-21 16:14:00,557] 1.26 13865 2 2 0.00000000
[2018-03-21 16:14:00,714] 1.27 13865 2 2 0.00000000
[2018-03-21 16:14:00,872] 1.29 13865 3 2 0.00000129
[2018-03-21 16:14:01,025] 1.30 13865 2 2 0.00000000
[2018-03-21 16:14:01,229] 1.31 13865 2 2 0.00000000
[2018-03-21 16:14:01,377] 1.33 13865 2 2 0.00000000
[2018-03-21 16:14:01,524] 1.34 13865 2 2 0.00000000
[2018-03-21 16:14:01,667] 1.35 13865 4 2 0.00009507
[2018-03-21 16:14:01,808] 1.37 13865 2 2 0.00000000
[2018-03-21 16:14:02,007] 1.38 13865 2 2 0.00000000
[2018-03-21 16:14:02,149] 1.40 13865 2 2 0.00000000
[2018-03-21 16:14:02,289] 1.41 13865 2 2 0.00000000
[2018-03-21 16:14:02,432] 1.42 13865 2 2 0.00000000
[2018-03-21 16:14:02,631] 1.44 13865 3 2 0.00026717
[2018-03-21 16:14:02,773] 1.45 13865 2 2 0.00000000
[2018-03-21 16:14:02,914] 1.46 13865 2 2 0.00000000
[2018-03-21 16:14:03,110] 1.48 13865 2 2 0.00000000
[2018-03-21 16:14:03,254] 1.49 13865 2 2 0.00000000
[2018-03-21 16:14:03,396] 1.51 13865 2 2 0.00000000
[2018-03-21 16:14:03,538] 1.52 13865 2 2 0.00000000
[2018-03-21 16:14:03,738] 1.53 13865 2 2 0.00000000
[2018-03-21 16:14:03,879] 1.55 13865 2 2 0.00000000
[2018-03-21 16:14:04,020] 1.56 13865 2 2 0.00000000
[2018-03-21 16:14:04,161] 1.57 13865 2 2 0.00000000
[2018-03-21 16:14:04,355] 1.59 13865 2 2 0.00000000
[2018-03-21 16:14:04,500] 1.60 13865 3 2 0.00016585
[2018-03-21 16:14:04,645] 1.61 13865 4 2 0.00050295
[2018-03-21 16:14:04,785] 1.63 13865 2 2 0.00000000
[2018-03-21 16:14:04,981] 1.64 13865 2 2 0.00000000
[2018-03-21 16:14:05,128] 1.66 13865 2 2 0.00000000
[2018-03-21 16:14:05,267] 1.67 13865 2 2 0.00000000
[2018-03-21 16:14:05,408] 1.68 13865 2 2 0.00000000
[2018-03-21 16:14:05,605] 1.70 13865 3 2 0.00000448
[2018-03-21 16:14:05,746] 1.71 13865 2 2 0.00000000
[2018-03-21 16:14:05,885] 1.72 13865 2 2 0.00000000
[2018-03-21 16:14:06,085] 1.74 13865 2 2 0.00000000
[2018-03-21 16:14:06,231] 1.75 13865 4 2 0.00146312
[2018-03-21 16:14:06,380] 1.77 13865 2 2 0.00000000
[2018-03-21 16:14:06,528] 1.78 13865 2 2 0.00000000
[2018-03-21 16:14:06,737] 1.79 13865 4 2 0.00034363
[2018-03-21 16:14:06,880] 1.81 13865 3 2 0.06448232
[2018-03-21 16:14:07,020] 1.82 13865 2 2 0.00000000
[2018-03-21 16:14:07,169] 1.83 13865 2 2 0.00000000
[2018-03-21 16:14:07,383] 1.85 13865 2 2 0.00000000
[2018-03-21 16:14:07,538] 1.86 13865 3 2 0.00115955
[2018-03-21 16:14:07,689] 1.87 13865 2 2 0.00000000
[2018-03-21 16:14:07,842] 1.89 13865 3 2 0.00151832
[2018-03-21 16:14:08,052] 1.90 13865 4 2 0.00665974
[2018-03-21 16:14:08,204] 1.92 13865 2 2 0.00000000
[2018-03-21 16:14:08,358] 1.93 13865 2 2 0.00000000
[2018-03-21 16:14:08,589] 1.94 13865 2 2 0.00000000
[2018-03-21 16:14:08,746] 1.96 13865 2 2 0.00000000
[2018-03-21 16:14:08,902] 1.97 13865 2 2 0.00000000
[2018-03-21 16:14:09,052] 1.98 13865 3 2 0.00000108
[2018-03-21 16:14:09,257] 2.00 13865 2 2 0.00000000
[2018-03-21 16:14:09,403] 2.01 13865 3 2 0.00000037
[2018-03-21 16:14:09,551] 2.03 13865 2 2 0.00000000
[2018-03-21 16:14:09,701] 2.04 13865 2 2 0.00000000
[2018-03-21 16:14:09,917] 2.05 13865 2 2 0.00000000
[2018-03-21 16:14:10,060] 2.07 13865 4 2 0.00000126
[2018-03-21 16:14:10,197] 2.08 13865 2 2 0.00000000
[2018-03-21 16:14:10,330] 2.09 13865 3 2 0.00000338
[2018-03-21 16:14:10,464] 2.11 13865 2 2 0.00000000
[2018-03-21 16:14:10,647] 2.12 13865 2 2 0.00000000
[2018-03-21 16:14:10,783] 2.13 13865 3 2 0.00002650
[2018-03-21 16:14:10,918] 2.15 13865 2 2 0.00000000
[2018-03-21 16:14:11,051] 2.16 13865 2 2 0.00000000
[2018-03-21 16:14:11,233] 2.18 13865 3 2 0.00035634
[2018-03-21 16:14:11,367] 2.19 13865 2 2 0.00000000
[2018-03-21 16:14:11,501] 2.20 13865 2 2 0.00000000
[2018-03-21 16:14:11,688] 2.22 13865 3 2 0.00116844
[2018-03-21 16:14:11,824] 2.23 13865 2 2 0.00000000
[2018-03-21 16:14:11,959] 2.24 13865 2 2 0.00000000
[2018-03-21 16:14:12,092] 2.26 13865 3 2 0.00000022
[2018-03-21 16:14:12,280] 2.27 13865 2 2 0.00000000
[2018-03-21 16:14:12,414] 2.29 13865 2 2 0.00000000
[2018-03-21 16:14:12,548] 2.30 13865 3 2 0.00000056
[2018-03-21 16:14:12,684] 2.31 13865 2 2 0.00000000
[2018-03-21 16:14:12,873] 2.33 13865 2 2 0.00000000
[2018-03-21 16:14:13,006] 2.34 13865 3 2 0.00000089
[2018-03-21 16:14:13,140] 2.35 13865 2 2 0.00000000
[2018-03-21 16:14:13,273] 2.37 13865 2 2 0.00000000
[2018-03-21 16:14:13,459] 2.38 13865 2 2 0.00000000
[2018-03-21 16:14:13,593] 2.39 13865 2 2 0.00000000
[2018-03-21 16:14:13,727] 2.41 13865 2 2 0.00000000
[2018-03-21 16:14:13,860] 2.42 13865 2 2 0.00000000
[2018-03-21 16:14:14,043] 2.44 13865 4 2 0.00000065
[2018-03-21 16:14:14,175] 2.45 13865 2 2 0.00000000
[2018-03-21 16:14:14,308] 2.46 13865 2 2 0.00000000
[2018-03-21 16:14:14,495] 2.48 13865 2 2 0.00000000
[2018-03-21 16:14:14,630] 2.49 13865 3 2 0.00017791
[2018-03-21 16:14:14,763] 2.50 13865 3 2 0.00000203
[2018-03-21 16:14:14,896] 2.52 13865 2 2 0.00000000
[2018-03-21 16:14:15,081] 2.53 13865 3 2 0.00000010
[2018-03-21 16:14:15,216] 2.55 13865 2 2 0.00000000
[2018-03-21 16:14:15,350] 2.56 13865 2 2 0.00000000
[2018-03-21 16:14:15,484] 2.57 13865 2 2 0.00000000
[2018-03-21 16:14:15,668] 2.59 13865 3 2 0.00010864
[2018-03-21 16:14:15,800] 2.60 13865 3 2 0.00000791
[2018-03-21 16:14:15,932] 2.61 13865 2 2 0.00000000
[2018-03-21 16:14:16,066] 2.63 13865 2 2 0.00000000
[2018-03-21 16:14:16,246] 2.64 13865 2 2 0.00000000
[2018-03-21 16:14:16,380] 2.66 13865 3 2 0.00000007
[2018-03-21 16:14:16,515] 2.67 13865 4 2 0.00014536
[2018-03-21 16:14:16,705] 2.68 13865 2 2 0.00000000
[2018-03-21 16:14:16,842] 2.70 13865 2 2 0.00000000
[2018-03-21 16:14:16,980] 2.71 13865 2 2 0.00000000
[2018-03-21 16:14:17,116] 2.72 13865 2 2 0.00000000
[2018-03-21 16:14:17,299] 2.74 13865 2 2 0.00000000
[2018-03-21 16:14:17,433] 2.75 13865 2 2 0.00000000
[2018-03-21 16:14:17,567] 2.76 13865 5 2 0.00002526
[2018-03-21 16:14:17,704] 2.78 13865 3 2 0.00002190
[2018-03-21 16:14:17,891] 2.79 13865 2 2 0.00000000
[2018-03-21 16:14:18,023] 2.81 13865 3 2 0.00001607
[2018-03-21 16:14:18,157] 2.82 13865 3 2 0.00001581
[2018-03-21 16:14:18,289] 2.83 13865 4 2 0.00001167
[2018-03-21 16:14:18,423] 2.85 13865 3 2 0.00001076
[2018-03-21 16:14:18,605] 2.86 13865 3 2 0.00000571
[2018-03-21 16:14:18,740] 2.87 13865 3 2 0.00000811
[2018-03-21 16:14:18,873] 2.89 13865 3 2 0.00000153
[2018-03-21 16:14:19,006] 2.90 13865 4 2 0.00000723
[2018-03-21 16:14:19,188] 2.92 13865 3 2 0.00000471
[2018-03-21 16:14:19,321] 2.93 13865 4 2 0.00028219
[2018-03-21 16:14:19,455] 2.94 13865 3 2 0.00000518
[2018-03-21 16:14:19,641] 2.96 13865 2 2 0.00000000
[2018-03-21 16:14:19,775] 2.97 13865 2 2 0.00000000
[2018-03-21 16:14:19,908] 2.98 13865 3 2 0.00001728
[2018-03-21 16:14:20,041] 3.00 13865 2 2 0.00000000
[2018-03-21 16:14:20,041] Time in removal: 3.60012054443e-05
[2018-03-21 16:14:20,042] Switching to real run 2018, total objects: 13865
[2018-03-21 16:14:20,126] every year 0.0842258930206
[2018-03-21 16:14:20,373] 1.01 13812 2 2 0.00000000
[2018-03-21 16:14:20,509] 1.03 13812 5 2 0.00027692
[2018-03-21 16:14:20,648] 1.04 13812 5 2 0.00075667
[2018-03-21 16:14:20,786] 1.05 13811 2 2 0.00000000
[2018-03-21 16:14:20,974] 1.07 13810 2 2 0.00000000
[2018-03-21 16:14:21,108] 1.08 13810 3 2 0.00000036
[2018-03-21 16:14:21,253] 1.09 13822 2 2 0.00000000
[2018-03-21 16:14:21,388] 1.11 13820 2 2 0.00000000
[2018-03-21 16:14:21,574] 1.12 13819 2 2 0.00000000
[2018-03-21 16:14:21,715] 1.14 13818 3 2 0.00000003
[2018-03-21 16:14:21,854] 1.15 13817 4 2 0.00037372
[2018-03-21 16:14:21,989] 1.16 13816 3 2 0.00000577
[2018-03-21 16:14:22,183] 1.18 13825 2 2 0.00000000
[2018-03-21 16:14:22,316] 1.19 13824 2 2 0.00000000
[2018-03-21 16:14:22,451] 1.20 13824 2 2 0.00000000
[2018-03-21 16:14:22,585] 1.22 13823 2 2 0.00000000
[2018-03-21 16:14:22,778] 1.23 13823 2 2 0.00000000
[2018-03-21 16:14:22,915] 1.25 13822 2 2 0.00000000
[2018-03-21 16:14:23,055] 1.26 13830 2 2 0.00000000
[2018-03-21 16:14:23,188] 1.27 13830 2 2 0.00000000
[2018-03-21 16:14:23,375] 1.29 13830 3 2 0.00000129
[2018-03-21 16:14:23,508] 1.30 13830 2 2 0.00000000
[2018-03-21 16:14:23,644] 1.31 13829 2 2 0.00000000
[2018-03-21 16:14:23,783] 1.33 13827 2 2 0.00000000
[2018-03-21 16:14:23,985] 1.34 13834 2 2 0.00000000
[2018-03-21 16:14:24,125] 1.35 13832 4 2 0.00009507
[2018-03-21 16:14:24,262] 1.37 13832 2 2 0.00000000
[2018-03-21 16:14:24,398] 1.38 13831 2 2 0.00000000
[2018-03-21 16:14:24,588] 1.40 13830 2 2 0.00000000
[2018-03-21 17:07:38,893] 0.01 13803 3 2 0.00000119
[2018-03-21 17:07:39,086] 0.03 13803 2 2 0.00000000
[2018-03-21 17:07:39,238] 0.04 13803 5 2 0.00000038
[2018-03-21 17:07:39,387] 0.05 13803 3 2 0.00000030
[2018-03-21 17:07:39,547] 0.07 13803 5 2 0.00000043
[2018-03-21 17:07:39,767] 0.08 13803 5 2 0.00000053
[2018-03-21 17:07:39,943] 0.10 13814 5 2 0.00016992
[2018-03-21 17:07:40,109] 0.11 13812 6 2 0.00000061
[2018-03-21 17:07:40,325] 0.12 13812 17 3 0.00134130
[2018-03-21 17:07:40,521] 0.14 13811 7 2 0.00000051
[2018-03-21 17:07:40,694] 0.15 13811 4 5 0.00074260
[2018-03-21 17:07:40,881] 0.16 13810 4 2 0.00000810
[2018-03-21 17:07:41,105] 0.18 13817 2 2 0.00000000
[2018-03-21 17:07:41,257] 0.19 13817 2 2 0.00000000
[2018-03-21 17:07:41,412] 0.20 13817 3 2 0.00000003
[2018-03-21 17:07:41,572] 0.22 13817 3 2 0.00000002
[2018-03-21 17:07:41,774] 0.23 13817 2 2 0.00000000
[2018-03-21 17:07:41,931] 0.25 13817 2 2 0.00000000
[2018-03-21 17:07:42,105] 0.26 13829 3 2 0.00000000
[2018-03-21 17:07:42,304] 0.27 13829 4 2 0.00493767
[2018-03-21 17:07:42,449] 0.29 13829 4 2 0.00000032
[2018-03-21 17:07:42,592] 0.30 13828 3 2 0.00000016
[2018-03-21 17:07:42,742] 0.31 13826 4 2 0.02530772
[2018-03-21 17:07:42,936] 0.33 13826 3 2 0.00000013
[2018-03-21 17:07:43,095] 0.34 13835 5 2 0.05909339
[2018-03-21 17:07:43,236] 0.36 13835 3 2 0.00000002
[2018-03-21 17:07:43,377] 0.37 13834 3 2 0.00000001
[2018-03-21 17:07:43,560] 0.38 13831 2 2 0.00000000
[2018-03-21 17:07:43,702] 0.40 13827 2 2 0.00000000
[2018-03-21 17:07:43,847] 0.41 13827 3 2 0.00014921
[2018-03-21 17:07:44,039] 0.42 13831 2 2 0.00000000
[2018-03-21 17:07:44,177] 0.44 13830 2 2 0.00000000
[2018-03-21 17:07:44,318] 0.45 13829 3 2 0.00000002
[2018-03-21 17:07:44,460] 0.46 13826 3 2 0.00000025
[2018-03-21 17:07:44,653] 0.48 13826 4 2 0.00000206
[2018-03-21 17:07:44,800] 0.49 13825 3 2 0.00000023
[2018-03-21 17:07:44,959] 0.51 13834 2 2 0.00000000
[2018-03-21 17:07:45,103] 0.52 13834 4 2 0.00529729
[2018-03-21 17:07:45,290] 0.53 13833 3 2 0.00002995
[2018-03-21 17:07:45,429] 0.55 13832 2 2 0.00000000
[2018-03-21 17:07:45,570] 0.56 13830 3 2 0.00000005
[2018-03-21 17:07:45,714] 0.57 13830 3 2 0.00000027
[2018-03-21 17:07:45,913] 0.59 13839 2 2 0.00000000
[2018-03-21 17:07:46,056] 0.60 13838 3 2 0.00004349
[2018-03-21 17:07:46,193] 0.62 13837 2 2 0.00000000
[2018-03-21 17:07:46,340] 0.63 13837 4 2 0.00007686
[2018-03-21 17:07:46,549] 0.64 13836 2 2 0.00000000
[2018-03-21 17:07:46,708] 0.66 13835 3 2 0.00009730
[2018-03-21 17:07:46,879] 0.67 13846 3 2 0.00001016
[2018-03-21 17:07:47,033] 0.68 13846 3 2 0.00000039
[2018-03-21 17:07:47,240] 0.70 13846 2 2 0.00000000
[2018-03-21 17:07:47,394] 0.71 13843 2 2 0.00000000
[2018-03-21 17:07:47,552] 0.72 13840 3 2 0.00000094
[2018-03-21 17:07:47,705] 0.74 13840 2 2 0.00000000
[2018-03-21 17:07:47,922] 0.75 13845 2 2 0.00000000
[2018-03-21 17:07:48,075] 0.77 13844 3 2 0.00007542
[2018-03-21 17:07:48,231] 0.78 13843 3 2 0.00000021
[2018-03-21 17:07:48,387] 0.79 13841 3 2 0.00010379
[2018-03-21 17:07:48,548] 0.81 13839 2 2 0.00000000
[2018-03-21 17:07:48,759] 0.82 13838 3 2 0.00036743
[2018-03-21 17:07:48,923] 0.83 13851 2 2 0.00000000
[2018-03-21 17:07:49,076] 0.85 13850 2 2 0.00000000
[2018-03-21 17:07:49,232] 0.86 13848 2 2 0.00000000
[2018-03-21 17:07:49,438] 0.88 13848 2 2 0.00000000
[2018-03-21 17:07:49,595] 0.89 13848 4 2 0.00023892
[2018-03-21 17:07:49,744] 0.90 13847 2 2 0.00000000
[2018-03-21 17:07:49,938] 0.92 13846 2 2 0.00000000
[2018-03-21 17:07:50,091] 0.93 13855 2 2 0.00000000
[2018-03-21 17:07:50,237] 0.94 13854 3 2 0.00000100
[2018-03-21 17:07:50,378] 0.96 13853 3 2 0.00007723
[2018-03-21 17:07:50,571] 0.97 13853 3 2 0.00006453
[2018-03-21 17:07:50,724] 0.98 13852 3 2 0.00047088
[2018-03-21 17:07:50,864] 1.00 13852 2 2 0.00000000
[2018-03-21 17:07:50,864] Switching to virtual run 2018
[2018-03-21 17:07:51,010] 1.01 13852 2 2 0.00000000
[2018-03-21 17:07:51,210] 1.03 13852 5 2 0.00027692
[2018-03-21 17:07:51,352] 1.04 13852 5 2 0.00075667
[2018-03-21 17:07:51,503] 1.05 13852 2 2 0.00000000
[2018-03-21 17:07:51,707] 1.07 13852 2 2 0.00000000
[2018-03-21 17:07:51,848] 1.08 13852 3 2 0.00000036
[2018-03-21 17:07:51,987] 1.09 13852 2 2 0.00000000
[2018-03-21 17:07:52,127] 1.11 13852 2 2 0.00000000
[2018-03-21 17:07:52,313] 1.12 13852 2 2 0.00000000
[2018-03-21 17:07:52,452] 1.14 13852 3 2 0.00000003
[2018-03-21 17:07:52,590] 1.15 13852 4 2 0.00037372
[2018-03-21 17:07:52,732] 1.16 13852 3 2 0.00000577
[2018-03-21 17:07:52,921] 1.18 13852 2 2 0.00000000
[2018-03-21 17:07:53,060] 1.19 13852 2 2 0.00000000
[2018-03-21 17:07:53,198] 1.20 13852 2 2 0.00000000
[2018-03-21 17:07:53,341] 1.22 13852 2 2 0.00000000
[2018-03-21 17:07:53,483] 1.23 13852 2 2 0.00000000
[2018-03-21 17:07:53,669] 1.25 13852 2 2 0.00000000
[2018-03-21 17:07:53,811] 1.26 13852 2 2 0.00000000
[2018-03-21 17:07:53,951] 1.27 13852 2 2 0.00000000
[2018-03-21 17:07:54,139] 1.29 13852 3 2 0.00000129
[2018-03-21 17:07:54,278] 1.30 13852 2 2 0.00000000
